''01/28/2014 09:20:49 AM' - INFO - ingested Page 153, M.L. Vol. II,'
''01/28/2014 09:20:57 AM' - INFO - ingested Page 7, M.L. Vol. II,'
''01/28/2014 09:21:07 AM' - INFO - ingested Page 156, M.L. Vol. II,'
''01/28/2014 09:21:19 AM' - INFO - ingested Page 165, M.L. Vol. II,'
''01/28/2014 09:21:29 AM' - INFO - ingested Page 48, M.L. Vol. II,'
''01/28/2014 09:21:40 AM' - INFO - ingested Page 142, M.L. Vol. II,'
''01/28/2014 09:21:47 AM' - INFO - ingested Page 132, M.L. Vol. II,'
''01/28/2014 09:22:01 AM' - INFO - ingested Page 259, M.L. Vol. II,'
''01/28/2014 09:22:14 AM' - INFO - ingested [unnumbered page (3)], M.L. Vol. II,'
''01/28/2014 09:22:24 AM' - INFO - ingested Page 82, M.L. Vol. II,'
''01/28/2014 09:22:37 AM' - INFO - ingested Page 232, M.L. Vol. II,'
''01/28/2014 09:22:48 AM' - INFO - ingested Page 212, M.L. Vol. II,'
''01/28/2014 09:22:59 AM' - INFO - ingested Page 139, M.L. Vol. II,'
''01/28/2014 09:23:07 AM' - INFO - ingested Page 1, M.L. Vol. II,'
''01/28/2014 09:24:10 AM' - INFO - ingested Page 218, M.L. Vol. II,'
''01/28/2014 09:24:47 AM' - INFO - ingested Page 174, M.L. Vol. II,'
''01/28/2014 09:24:55 AM' - INFO - ingested Page 241, M.L. Vol. II,'
''01/28/2014 09:25:29 AM' - INFO - ingested Page 127, M.L. Vol. II,'
''01/28/2014 09:25:35 AM' - INFO - ingested Page 71, M.L. Vol. II,'
''01/28/2014 09:25:51 AM' - INFO - ingested Page 17, M.L. Vol. II,'
''01/28/2014 09:25:57 AM' - INFO - ingested Page 113, M.L. Vol. II,'
''01/28/2014 09:26:10 AM' - INFO - ingested Page 206, M.L. Vol. II,'
''01/28/2014 09:26:20 AM' - INFO - ingested Page 214, M.L. Vol. II,'
''01/28/2014 09:26:30 AM' - INFO - ingested Page 238, M.L. Vol. II,'
''01/28/2014 09:26:54 AM' - INFO - ingested Page 96, M.L. Vol. II,'
''01/28/2014 09:27:02 AM' - INFO - ingested Page 45, M.L. Vol. II,'
''01/28/2014 09:27:11 AM' - INFO - ingested Page 103, M.L. Vol. II,'
''01/28/2014 09:27:29 AM' - INFO - ingested Page 251, M.L. Vol. II,'
''01/28/2014 09:27:38 AM' - INFO - ingested Page 175, M.L. Vol. II,'
''01/28/2014 09:27:48 AM' - INFO - ingested Page 224, M.L. Vol. II,'
''01/28/2014 09:27:58 AM' - INFO - ingested Page 60, M.L. Vol. II,'
''01/28/2014 09:28:10 AM' - INFO - ingested Page 252, M.L. Vol. II,'
''01/28/2014 09:28:19 AM' - INFO - ingested Page 243, M.L. Vol. II,'
''01/28/2014 09:28:26 AM' - INFO - ingested Page 197, M.L. Vol. II,'
''01/28/2014 09:28:38 AM' - INFO - ingested Page 2, M.L. Vol. II,'
''01/28/2014 09:28:49 AM' - INFO - ingested Page 245, M.L. Vol. II,'
''01/28/2014 09:29:18 AM' - INFO - ingested Page 47, M.L. Vol. II,'
''01/28/2014 09:29:32 AM' - INFO - ingested Page 56, M.L. Vol. II,'
''01/28/2014 09:29:38 AM' - INFO - ingested Page 208, M.L. Vol. II,'
''01/28/2014 09:29:45 AM' - INFO - ingested Page 112, M.L. Vol. II,'
''01/28/2014 09:29:54 AM' - INFO - ingested Page 176, M.L. Vol. II,'
''01/28/2014 09:30:00 AM' - INFO - ingested Page 9, M.L. Vol. II,'
''01/28/2014 09:30:13 AM' - INFO - ingested Page 203, M.L. Vol. II,'
''01/28/2014 09:30:26 AM' - INFO - ingested Page 117, M.L. Vol. II,'
''01/28/2014 09:30:33 AM' - INFO - ingested Page 257, M.L. Vol. II,'
''01/28/2014 09:30:48 AM' - INFO - ingested Page 235, M.L. Vol. II,'
''01/28/2014 09:30:58 AM' - INFO - ingested Page 177, M.L. Vol. II,'
''01/28/2014 09:31:11 AM' - INFO - ingested Page 216, M.L. Vol. II,'
''01/28/2014 09:31:19 AM' - INFO - ingested Page 124, M.L. Vol. II,'
''01/28/2014 09:31:28 AM' - INFO - ingested Page 231, M.L. Vol. II,'
''01/28/2014 09:31:37 AM' - INFO - ingested Page 186, M.L. Vol. II,'
''01/28/2014 09:31:48 AM' - INFO - ingested Page 263, M.L. Vol. II,'
''01/28/2014 09:31:57 AM' - INFO - ingested Page 256, M.L. Vol. II,'
''01/28/2014 09:32:03 AM' - INFO - ingested Page 73, M.L. Vol. II,'
''01/28/2014 09:32:13 AM' - INFO - ingested Page 151, M.L. Vol. II,'
''01/28/2014 09:32:26 AM' - INFO - ingested Page 191, M.L. Vol. II,'
''01/28/2014 09:32:34 AM' - INFO - ingested Page 220, M.L. Vol. II,'
''01/28/2014 09:32:46 AM' - INFO - ingested Page 64, M.L. Vol. II,'
''01/28/2014 09:32:56 AM' - INFO - ingested Page 77, M.L. Vol. II,'
''01/28/2014 09:33:05 AM' - INFO - ingested Page 141, M.L. Vol. II,'
''01/28/2014 09:33:17 AM' - INFO - ingested Page 58, M.L. Vol. II,'
''01/28/2014 09:33:25 AM' - INFO - ingested Page 16, M.L. Vol. II,'
''01/28/2014 09:33:30 AM' - INFO - ingested Page 123, M.L. Vol. II,'
''01/28/2014 09:33:40 AM' - INFO - ingested Page 253, M.L. Vol. II,'
''01/28/2014 09:33:59 AM' - INFO - ingested Page 184, M.L. Vol. II,'
''01/28/2014 09:34:09 AM' - INFO - ingested Page 154, M.L. Vol. II,'
''01/28/2014 09:34:15 AM' - INFO - ingested Page 24, M.L. Vol. II,'
''01/28/2014 09:34:28 AM' - INFO - ingested Page 97, M.L. Vol. II,'
''01/28/2014 09:34:37 AM' - INFO - ingested Page 41, M.L. Vol. II,'
''01/28/2014 09:34:55 AM' - INFO - ingested Page 89, M.L. Vol. II,'
''01/28/2014 09:35:04 AM' - INFO - ingested Page 98, M.L. Vol. II,'
''01/28/2014 09:35:10 AM' - INFO - ingested Page 79, M.L. Vol. II,'
''01/28/2014 09:35:46 AM' - INFO - ingested Page 114, M.L. Vol. II,'
''01/28/2014 09:35:54 AM' - INFO - ingested Page 8, M.L. Vol. II,'
''01/28/2014 09:36:07 AM' - INFO - ingested Page 242, M.L. Vol. II,'
''01/28/2014 09:36:16 AM' - INFO - ingested Page 53, M.L. Vol. II,'
''01/28/2014 09:36:22 AM' - INFO - ingested Page 192, M.L. Vol. II,'
''01/28/2014 09:36:33 AM' - INFO - ingested Page 61, M.L. Vol. II,'
''01/28/2014 09:36:42 AM' - INFO - ingested Page 78, M.L. Vol. II,'
''01/28/2014 09:36:49 AM' - INFO - ingested Page 39, M.L. Vol. II,'
''01/28/2014 09:37:08 AM' - INFO - ingested Page 54, M.L. Vol. II,'
''01/28/2014 09:37:15 AM' - INFO - ingested Page 239, M.L. Vol. II,'
''01/28/2014 09:37:22 AM' - INFO - ingested Page 35, M.L. Vol. II,'
''01/28/2014 09:37:32 AM' - INFO - ingested Page 81, M.L. Vol. II,'
''01/28/2014 09:37:47 AM' - INFO - ingested Page 92, M.L. Vol. II,'
''01/28/2014 09:38:01 AM' - INFO - ingested Page 90, M.L. Vol. II,'
''01/28/2014 09:38:08 AM' - INFO - ingested Page 18, M.L. Vol. II,'
''01/28/2014 09:38:21 AM' - INFO - ingested Page 100, M.L. Vol. II,'
''01/28/2014 09:38:29 AM' - INFO - ingested Page 195, M.L. Vol. II,'
''01/28/2014 09:38:50 AM' - INFO - ingested Page 32, M.L. Vol. II,'
''01/28/2014 09:39:03 AM' - INFO - ingested Page 178, M.L. Vol. II,'
''01/28/2014 09:39:19 AM' - INFO - ingested Page 137, M.L. Vol. II,'
''01/28/2014 09:39:26 AM' - INFO - ingested Page 11, M.L. Vol. II,'
''01/28/2014 09:39:35 AM' - INFO - ingested Page 143, M.L. Vol. II,'
''01/28/2014 09:39:44 AM' - INFO - ingested Page 52, M.L. Vol. II,'
''01/28/2014 09:39:54 AM' - INFO - ingested Page 72, M.L. Vol. II,'
''01/28/2014 09:40:01 AM' - INFO - ingested Page 240, M.L. Vol. II,'
''01/28/2014 09:40:15 AM' - INFO - ingested Page 207, M.L. Vol. II,'
''01/28/2014 09:40:23 AM' - INFO - ingested Page 105, M.L. Vol. II,'
''01/28/2014 09:40:30 AM' - INFO - ingested Page 12, M.L. Vol. II,'
''01/28/2014 09:40:43 AM' - INFO - ingested Page 38, M.L. Vol. II,'
''01/28/2014 09:41:02 AM' - INFO - ingested Page 84, M.L. Vol. II,'
''01/28/2014 09:41:09 AM' - INFO - ingested Page 27, M.L. Vol. II,'
''01/28/2014 09:41:18 AM' - INFO - ingested Page 15, M.L. Vol. II,'
''01/28/2014 09:41:26 AM' - INFO - ingested Page 21, M.L. Vol. II,'
''01/28/2014 09:41:40 AM' - INFO - ingested Page 115, M.L. Vol. II,'
''01/28/2014 09:41:48 AM' - INFO - ingested Page 222, M.L. Vol. II,'
''01/28/2014 09:41:58 AM' - INFO - ingested Page 66, M.L. Vol. II,'
''01/28/2014 09:42:32 AM' - INFO - ingested Page 74, M.L. Vol. II,'
''01/28/2014 09:42:54 AM' - INFO - ingested Page 194, M.L. Vol. II,'
''01/28/2014 09:43:24 AM' - INFO - ingested Page 221, M.L. Vol. II,'
''01/28/2014 09:43:59 AM' - INFO - ingested Page 205, M.L. Vol. II,'
''01/28/2014 09:44:16 AM' - INFO - ingested Page 14, M.L. Vol. II,'
''01/28/2014 09:44:24 AM' - INFO - ingested Page 94, M.L. Vol. II,'
''01/28/2014 09:44:55 AM' - INFO - ingested Page 255, M.L. Vol. II,'
''01/28/2014 09:45:31 AM' - INFO - ingested Page 31, M.L. Vol. II,'
''01/28/2014 09:45:38 AM' - INFO - ingested Page 125, M.L. Vol. II,'
''01/28/2014 09:46:10 AM' - INFO - ingested Page 111, M.L. Vol. II,'
''01/28/2014 09:46:44 AM' - INFO - ingested Page 247, M.L. Vol. II,'
''01/28/2014 09:46:50 AM' - INFO - ingested Page 23, M.L. Vol. II,'
''01/28/2014 09:47:20 AM' - INFO - ingested Page 57, M.L. Vol. II,'
''01/28/2014 09:47:54 AM' - INFO - ingested Page 204, M.L. Vol. II,'
''01/28/2014 09:48:28 AM' - INFO - ingested Page 140, M.L. Vol. II,'
''01/28/2014 09:49:02 AM' - INFO - ingested Page 158, M.L. Vol. II,'
''01/28/2014 09:49:38 AM' - INFO - ingested Page 248, M.L. Vol. II,'
''01/28/2014 09:49:46 AM' - INFO - ingested Page 46, M.L. Vol. II,'
''01/28/2014 09:49:54 AM' - INFO - ingested Page 193, M.L. Vol. II,'
''01/28/2014 09:50:14 AM' - INFO - ingested Page 68, M.L. Vol. II,'
''01/28/2014 09:50:23 AM' - INFO - ingested Page 28, M.L. Vol. II,'
''01/28/2014 09:50:35 AM' - INFO - ingested Page 264, M.L. Vol. II,'
''01/28/2014 09:50:46 AM' - INFO - ingested Page 223, M.L. Vol. II,'
''01/28/2014 09:50:55 AM' - INFO - ingested Page 185, M.L. Vol. II,'
''01/28/2014 09:51:05 AM' - INFO - ingested Page 155, M.L. Vol. II,'
''01/28/2014 09:51:17 AM' - INFO - ingested Page 13, M.L. Vol. II,'
''01/28/2014 09:51:26 AM' - INFO - ingested Page 167, M.L. Vol. II,'
''01/28/2014 09:51:35 AM' - INFO - ingested Page 152, M.L. Vol. II,'
''01/28/2014 09:51:44 AM' - INFO - ingested Page 44, M.L. Vol. II,'
''01/28/2014 09:51:51 AM' - INFO - ingested Page 63, M.L. Vol. II,'
''01/28/2014 09:52:04 AM' - INFO - ingested Page 91, M.L. Vol. II,'
''01/28/2014 09:52:11 AM' - INFO - ingested Page 108, M.L. Vol. II,'
''01/28/2014 09:52:22 AM' - INFO - ingested Page 250, M.L. Vol. II,'
''01/28/2014 09:52:31 AM' - INFO - ingested Page 182, M.L. Vol. II,'
''01/28/2014 09:52:41 AM' - INFO - ingested Page 183, M.L. Vol. II,'
''01/28/2014 09:53:05 AM' - INFO - ingested Page 159, M.L. Vol. II,'
''01/28/2014 09:53:14 AM' - INFO - ingested Page 51, M.L. Vol. II,'
''01/28/2014 09:53:23 AM' - INFO - ingested Page 209, M.L. Vol. II,'
''01/28/2014 09:53:29 AM' - INFO - ingested Page 228, M.L. Vol. II,'
''01/28/2014 09:53:52 AM' - INFO - ingested Page 93, M.L. Vol. II,'
''01/28/2014 09:53:58 AM' - INFO - ingested Page 3, M.L. Vol. II,'
''01/28/2014 09:54:05 AM' - INFO - ingested Page 36, M.L. Vol. II,'
''01/28/2014 09:54:16 AM' - INFO - ingested Page 166, M.L. Vol. II,'
''01/28/2014 09:54:22 AM' - INFO - ingested Page 254, M.L. Vol. II,'
''01/28/2014 09:54:29 AM' - INFO - ingested Page 179, M.L. Vol. II,'
''01/28/2014 09:54:39 AM' - INFO - ingested Page 109, M.L. Vol. II,'
''01/28/2014 09:54:48 AM' - INFO - ingested Page 40, M.L. Vol. II,'
''01/28/2014 09:54:55 AM' - INFO - ingested Page 189, M.L. Vol. II,'
''01/28/2014 09:55:03 AM' - INFO - ingested Page 168, M.L. Vol. II,'
''01/28/2014 09:55:13 AM' - INFO - ingested Page 161, M.L. Vol. II,'
''01/28/2014 09:55:24 AM' - INFO - ingested Page 236, M.L. Vol. II,'
''01/28/2014 09:55:33 AM' - INFO - ingested Page 106, M.L. Vol. II,'
''01/28/2014 09:55:40 AM' - INFO - ingested Page 144, M.L. Vol. II,'
''01/28/2014 09:55:46 AM' - INFO - ingested Page 160, M.L. Vol. II,'
''01/28/2014 09:55:56 AM' - INFO - ingested Page 33, M.L. Vol. II,'
''01/28/2014 09:56:03 AM' - INFO - ingested Page 37, M.L. Vol. II,'
''01/28/2014 09:56:12 AM' - INFO - ingested Page 266, M.L. Vol. II,'
''01/28/2014 09:56:19 AM' - INFO - ingested Page 130, M.L. Vol. II,'
''01/28/2014 09:56:27 AM' - INFO - ingested Page 6, M.L. Vol. II,'
''01/28/2014 09:56:36 AM' - INFO - ingested Page 188, M.L. Vol. II,'
''01/28/2014 09:56:43 AM' - INFO - ingested Page 199, M.L. Vol. II,'
''01/28/2014 09:56:54 AM' - INFO - ingested Page 110, M.L. Vol. II,'
''01/28/2014 09:57:02 AM' - INFO - ingested Page 230, M.L. Vol. II,'
''01/28/2014 09:57:08 AM' - INFO - ingested Page 196, M.L. Vol. II,'
''01/28/2014 09:57:19 AM' - INFO - ingested Page 5, M.L. Vol. II,'
''01/28/2014 09:57:26 AM' - INFO - ingested Page 148, M.L. Vol. II,'
''01/28/2014 09:57:32 AM' - INFO - ingested Page 138, M.L. Vol. II,'
''01/28/2014 09:57:44 AM' - INFO - ingested Page 126, M.L. Vol. II,'
''01/28/2014 09:57:51 AM' - INFO - ingested Page 181, M.L. Vol. II,'
''01/28/2014 09:57:58 AM' - INFO - ingested Page 22, M.L. Vol. II,'
''01/28/2014 09:58:05 AM' - INFO - ingested Page 145, M.L. Vol. II,'
''01/28/2014 09:58:14 AM' - INFO - ingested Page 202, M.L. Vol. II,'
''01/28/2014 09:58:23 AM' - INFO - ingested Page 187, M.L. Vol. II,'
''01/28/2014 09:58:30 AM' - INFO - ingested Page 19, M.L. Vol. II,'
''01/28/2014 09:58:37 AM' - INFO - ingested Page 249, M.L. Vol. II,'
''01/28/2014 09:58:47 AM' - INFO - ingested Page 150, M.L. Vol. II,'
''01/28/2014 09:58:54 AM' - INFO - ingested Page 190, M.L. Vol. II,'
''01/28/2014 09:59:03 AM' - INFO - ingested Page 122, M.L. Vol. II,'
''01/28/2014 09:59:10 AM' - INFO - ingested Page 265, M.L. Vol. II,'
''01/28/2014 09:59:19 AM' - INFO - ingested Page 70, M.L. Vol. II,'
''01/28/2014 09:59:28 AM' - INFO - ingested Page 157, M.L. Vol. II,'
''01/28/2014 09:59:35 AM' - INFO - ingested Page 229, M.L. Vol. II,'
''01/28/2014 09:59:43 AM' - INFO - ingested Page 86, M.L. Vol. II,'
''01/28/2014 09:59:50 AM' - INFO - ingested Page 20, M.L. Vol. II,'
''01/28/2014 10:00:01 AM' - INFO - ingested Page 170, M.L. Vol. II,'
''01/28/2014 10:00:10 AM' - INFO - ingested Page 67, M.L. Vol. II,'
''01/28/2014 10:00:23 AM' - INFO - ingested [unnumbered page (1)], M.L. Vol. II,'
''01/28/2014 10:00:32 AM' - INFO - ingested Page 217, M.L. Vol. II,'
''01/28/2014 10:00:42 AM' - INFO - ingested Page 42, M.L. Vol. II,'
''01/28/2014 10:00:50 AM' - INFO - ingested Page 87, M.L. Vol. II,'
''01/28/2014 10:01:02 AM' - INFO - ingested Page 65, M.L. Vol. II,'
''01/28/2014 10:01:20 AM' - INFO - ingested Page 116, M.L. Vol. II,'
''01/28/2014 10:01:28 AM' - INFO - ingested Page 128, M.L. Vol. II,'
''01/28/2014 10:01:37 AM' - INFO - ingested Page 260, M.L. Vol. II,'
''01/28/2014 10:01:47 AM' - INFO - ingested Page 136, M.L. Vol. II,'
''01/28/2014 10:01:56 AM' - INFO - ingested Page 85, M.L. Vol. II,'
''01/28/2014 10:02:03 AM' - INFO - ingested Page 25, M.L. Vol. II,'
''01/28/2014 10:02:19 AM' - INFO - ingested Page 135, M.L. Vol. II,'
''01/28/2014 10:02:27 AM' - INFO - ingested Page 88, M.L. Vol. II,'
''01/28/2014 10:02:34 AM' - INFO - ingested Page 261, M.L. Vol. II,'
''01/28/2014 10:03:07 AM' - INFO - ingested Page 133, M.L. Vol. II,'
''01/28/2014 10:03:16 AM' - INFO - ingested Page 211, M.L. Vol. II,'
''01/28/2014 10:03:24 AM' - INFO - ingested Page 169, M.L. Vol. II,'
''01/28/2014 10:03:31 AM' - INFO - ingested Page 4, M.L. Vol. II,'
''01/28/2014 10:03:39 AM' - INFO - ingested Page 95, M.L. Vol. II,'
''01/28/2014 10:03:59 AM' - INFO - ingested Page 43, M.L. Vol. II,'
''01/28/2014 10:04:09 AM' - INFO - ingested Page 246, M.L. Vol. II,'
''01/28/2014 10:04:17 AM' - INFO - ingested Page 200, M.L. Vol. II,'
''01/28/2014 10:04:31 AM' - INFO - ingested Page 30, M.L. Vol. II,'
''01/28/2014 10:04:45 AM' - INFO - ingested Page 180, M.L. Vol. II,'
''01/28/2014 10:04:51 AM' - INFO - ingested Page 262, M.L. Vol. II,'
''01/28/2014 10:05:01 AM' - INFO - ingested Page 215, M.L. Vol. II,'
''01/28/2014 10:05:09 AM' - INFO - ingested Page 227, M.L. Vol. II,'
''01/28/2014 10:05:17 AM' - INFO - ingested Page 119, M.L. Vol. II,'
''01/28/2014 10:05:26 AM' - INFO - ingested [unnumbered page (2)], M.L. Vol. II,'
''01/28/2014 10:05:39 AM' - INFO - ingested Page 163, M.L. Vol. II,'
''01/28/2014 10:05:45 AM' - INFO - ingested Page 258, M.L. Vol. II,'
''01/28/2014 10:05:53 AM' - INFO - ingested Page 34, M.L. Vol. II,'
''01/28/2014 10:06:00 AM' - INFO - ingested Page 164, M.L. Vol. II,'
''01/28/2014 10:06:07 AM' - INFO - ingested Page 76, M.L. Vol. II,'
''01/28/2014 10:06:15 AM' - INFO - ingested Page 83, M.L. Vol. II,'
''01/28/2014 10:06:22 AM' - INFO - ingested Page 129, M.L. Vol. II,'
''01/28/2014 10:06:29 AM' - INFO - ingested Page 107, M.L. Vol. II,'
''01/28/2014 10:06:38 AM' - INFO - ingested Page 172, M.L. Vol. II,'
''01/28/2014 10:06:46 AM' - INFO - ingested Page 104, M.L. Vol. II,'
''01/28/2014 10:07:05 AM' - INFO - ingested Page 171, M.L. Vol. II,'
''01/28/2014 10:07:14 AM' - INFO - ingested Page 225, M.L. Vol. II,'
''01/28/2014 10:07:23 AM' - INFO - ingested Page 146, M.L. Vol. II,'
''01/28/2014 10:07:33 AM' - INFO - ingested Page 121, M.L. Vol. II,'
''01/28/2014 10:07:48 AM' - INFO - ingested Page 213, M.L. Vol. II,'
''01/28/2014 10:07:55 AM' - INFO - ingested Page 162, M.L. Vol. II,'
''01/28/2014 10:08:08 AM' - INFO - ingested Page 59, M.L. Vol. II,'
''01/28/2014 10:08:17 AM' - INFO - ingested Page 55, M.L. Vol. II,'
''01/28/2014 10:08:23 AM' - INFO - ingested Page 50, M.L. Vol. II,'
''01/28/2014 10:08:31 AM' - INFO - ingested Page 69, M.L. Vol. II,'
''01/28/2014 10:08:37 AM' - INFO - ingested Page 134, M.L. Vol. II,'
''01/28/2014 10:08:45 AM' - INFO - ingested Page 198, M.L. Vol. II,'
''01/28/2014 10:08:51 AM' - INFO - ingested Page 173, M.L. Vol. II,'
''01/28/2014 10:08:57 AM' - INFO - ingested Page 149, M.L. Vol. II,'
''01/28/2014 10:09:04 AM' - INFO - ingested Page 226, M.L. Vol. II,'
''01/28/2014 10:09:15 AM' - INFO - ingested Page 62, M.L. Vol. II,'
''01/28/2014 10:09:21 AM' - INFO - ingested Page 244, M.L. Vol. II,'
''01/28/2014 10:09:28 AM' - INFO - ingested Page 101, M.L. Vol. II,'
''01/28/2014 10:09:34 AM' - INFO - ingested Page 29, M.L. Vol. II,'
''01/28/2014 10:09:46 AM' - INFO - ingested Page 118, M.L. Vol. II,'
''01/28/2014 10:09:52 AM' - INFO - ingested Page 75, M.L. Vol. II,'
''01/28/2014 10:09:59 AM' - INFO - ingested Page 10, M.L. Vol. II,'
''01/28/2014 10:10:07 AM' - INFO - ingested Page 80, M.L. Vol. II,'
''01/28/2014 10:10:13 AM' - INFO - ingested Page 147, M.L. Vol. II,'
''01/28/2014 10:10:20 AM' - INFO - ingested Page 131, M.L. Vol. II,'
''01/28/2014 10:10:33 AM' - INFO - ingested Page 26, M.L. Vol. II,'
''01/28/2014 10:10:47 AM' - INFO - ingested Page 49, M.L. Vol. II,'
''01/28/2014 10:10:55 AM' - INFO - ingested Page 99, M.L. Vol. II,'
''01/28/2014 10:11:03 AM' - INFO - ingested Page 237, M.L. Vol. II,'
''01/28/2014 10:11:15 AM' - INFO - ingested Page 233, M.L. Vol. II,'
''01/28/2014 10:11:27 AM' - INFO - ingested Page 120, M.L. Vol. II,'
''01/28/2014 10:11:39 AM' - INFO - ingested Page 210, M.L. Vol. II,'
''01/28/2014 10:11:48 AM' - INFO - ingested Page 201, M.L. Vol. II,'
''01/28/2014 10:11:58 AM' - INFO - ingested Page 102, M.L. Vol. II,'
''01/28/2014 10:12:05 AM' - INFO - ingested Page 219, M.L. Vol. II,'
''01/28/2014 10:12:13 AM' - INFO - ingested Page 234, M.L. Vol. II,'
''01/28/2014 10:12:14 AM' - INFO - /usr/local/dlxs/prep/w/workflow/bin/fedora_prep/stage/31735061816876/ ingested OK'
''03/12/2014 09:48:19 AM' - INFO - ingested [page R008], Cobb's juvenile reader no. 2'
''03/12/2014 09:48:21 AM' - INFO - ingested Page 88, Cobb's juvenile reader no. 2'
''03/12/2014 09:48:23 AM' - INFO - ingested Page 133, Cobb's juvenile reader no. 2'
''03/12/2014 09:48:26 AM' - INFO - ingested [page R001], Cobb's juvenile reader no. 2'
''03/12/2014 09:48:28 AM' - INFO - ingested Page 83, Cobb's juvenile reader no. 2'
''03/12/2014 09:48:30 AM' - INFO - ingested Page 138, Cobb's juvenile reader no. 2'
''03/12/2014 09:48:33 AM' - INFO - ingested Page 84, Cobb's juvenile reader no. 2'
''03/12/2014 09:48:35 AM' - INFO - ingested [page R002], Cobb's juvenile reader no. 2'
''03/12/2014 09:48:37 AM' - INFO - ingested Page 128, Cobb's juvenile reader no. 2'
''03/12/2014 09:48:40 AM' - INFO - ingested Page 72, Cobb's juvenile reader no. 2'
''03/12/2014 09:48:42 AM' - INFO - ingested Page 18, Cobb's juvenile reader no. 2'
''03/12/2014 09:48:44 AM' - INFO - ingested Page 116, Cobb's juvenile reader no. 2'
''03/12/2014 09:48:47 AM' - INFO - ingested Page 125, Cobb's juvenile reader no. 2'
''03/12/2014 09:48:49 AM' - INFO - ingested Page 104, Cobb's juvenile reader no. 2'
''03/12/2014 09:48:51 AM' - INFO - ingested Page 61, Cobb's juvenile reader no. 2'
''03/12/2014 09:48:53 AM' - INFO - ingested [page R003], Cobb's juvenile reader no. 2'
''03/12/2014 09:48:55 AM' - INFO - ingested Page 48, Cobb's juvenile reader no. 2'
''03/12/2014 09:48:57 AM' - INFO - ingested Page 57, Cobb's juvenile reader no. 2'
''03/12/2014 09:49:00 AM' - INFO - ingested Page 113, Cobb's juvenile reader no. 2'
''03/12/2014 09:49:02 AM' - INFO - ingested Page 10, Cobb's juvenile reader no. 2'
''03/12/2014 09:49:04 AM' - INFO - ingested Page 118, Cobb's juvenile reader no. 2'
''03/12/2014 09:49:06 AM' - INFO - ingested Page 73, Cobb's juvenile reader no. 2'
''03/12/2014 09:49:08 AM' - INFO - ingested Page 46, Cobb's juvenile reader no. 2'
''03/12/2014 09:49:10 AM' - INFO - ingested Page 74, Cobb's juvenile reader no. 2'
''03/12/2014 09:49:12 AM' - INFO - ingested Page 65, Cobb's juvenile reader no. 2'
''03/12/2014 09:49:15 AM' - INFO - ingested Page 142, Cobb's juvenile reader no. 2'
''03/12/2014 09:49:17 AM' - INFO - ingested Page 59, Cobb's juvenile reader no. 2'
''03/12/2014 09:49:19 AM' - INFO - ingested Page 17, Cobb's juvenile reader no. 2'
''03/12/2014 09:49:21 AM' - INFO - ingested Page 47, Cobb's juvenile reader no. 2'
''03/12/2014 09:49:23 AM' - INFO - ingested Page 25, Cobb's juvenile reader no. 2'
''03/12/2014 09:49:25 AM' - INFO - ingested Page 98, Cobb's juvenile reader no. 2'
''03/12/2014 09:49:27 AM' - INFO - ingested Page 90, Cobb's juvenile reader no. 2'
''03/12/2014 09:49:30 AM' - INFO - ingested Page 99, Cobb's juvenile reader no. 2'
''03/12/2014 09:49:32 AM' - INFO - ingested Page 80, Cobb's juvenile reader no. 2'
''03/12/2014 09:49:34 AM' - INFO - ingested Page 115, Cobb's juvenile reader no. 2'
''03/12/2014 09:49:36 AM' - INFO - ingested Page 9, Cobb's juvenile reader no. 2'
''03/12/2014 09:49:38 AM' - INFO - ingested Page 54, Cobb's juvenile reader no. 2'
''03/12/2014 09:49:40 AM' - INFO - ingested Page 79, Cobb's juvenile reader no. 2'
''03/12/2014 09:49:42 AM' - INFO - ingested Page 40, Cobb's juvenile reader no. 2'
''03/12/2014 09:49:45 AM' - INFO - ingested Page 55, Cobb's juvenile reader no. 2'
''03/12/2014 09:49:47 AM' - INFO - ingested Page 129, Cobb's juvenile reader no. 2'
''03/12/2014 09:49:49 AM' - INFO - ingested Page 82, Cobb's juvenile reader no. 2'
''03/12/2014 09:49:51 AM' - INFO - ingested Page 93, Cobb's juvenile reader no. 2'
''03/12/2014 09:49:53 AM' - INFO - ingested Page 91, Cobb's juvenile reader no. 2'
''03/12/2014 09:49:55 AM' - INFO - ingested Page 140, Cobb's juvenile reader no. 2'
''03/12/2014 09:49:57 AM' - INFO - ingested Page 19, Cobb's juvenile reader no. 2'
''03/12/2014 09:49:59 AM' - INFO - ingested Page 101, Cobb's juvenile reader no. 2'
''03/12/2014 09:50:01 AM' - INFO - ingested Page 33, Cobb's juvenile reader no. 2'
''03/12/2014 09:50:03 AM' - INFO - ingested Page 12, Cobb's juvenile reader no. 2'
''03/12/2014 09:50:06 AM' - INFO - ingested Page 53, Cobb's juvenile reader no. 2'
''03/12/2014 09:50:08 AM' - INFO - ingested Page 106, Cobb's juvenile reader no. 2'
''03/12/2014 09:50:10 AM' - INFO - ingested Page 13, Cobb's juvenile reader no. 2'
''03/12/2014 09:50:12 AM' - INFO - ingested Page 39, Cobb's juvenile reader no. 2'
''03/12/2014 09:50:14 AM' - INFO - ingested Page 85, Cobb's juvenile reader no. 2'
''03/12/2014 09:50:16 AM' - INFO - ingested Page 137, Cobb's juvenile reader no. 2'
''03/12/2014 09:50:18 AM' - INFO - ingested Page 16, Cobb's juvenile reader no. 2'
''03/12/2014 09:50:20 AM' - INFO - ingested Page 22, Cobb's juvenile reader no. 2'
''03/12/2014 09:50:22 AM' - INFO - ingested Page 49, Cobb's juvenile reader no. 2'
''03/12/2014 09:50:25 AM' - INFO - ingested Page 67, Cobb's juvenile reader no. 2'
''03/12/2014 09:50:27 AM' - INFO - ingested Page 75, Cobb's juvenile reader no. 2'
''03/12/2014 09:50:29 AM' - INFO - ingested Page 15, Cobb's juvenile reader no. 2'
''03/12/2014 09:50:31 AM' - INFO - ingested Page 32, Cobb's juvenile reader no. 2'
''03/12/2014 09:50:33 AM' - INFO - ingested Page 112, Cobb's juvenile reader no. 2'
''03/12/2014 09:50:35 AM' - INFO - ingested Page 127, Cobb's juvenile reader no. 2'
''03/12/2014 09:50:37 AM' - INFO - ingested Page 24, Cobb's juvenile reader no. 2'
''03/12/2014 09:50:38 AM' - INFO - ingested Page 58, Cobb's juvenile reader no. 2'
''03/12/2014 09:50:41 AM' - INFO - ingested Page 95, Cobb's juvenile reader no. 2'
''03/12/2014 09:50:43 AM' - INFO - ingested Page 141, Cobb's juvenile reader no. 2'
''03/12/2014 09:50:45 AM' - INFO - ingested Page 124, Cobb's juvenile reader no. 2'
''03/12/2014 09:50:47 AM' - INFO - ingested Page 69, Cobb's juvenile reader no. 2'
''03/12/2014 09:50:49 AM' - INFO - ingested Page 114, Cobb's juvenile reader no. 2'
''03/12/2014 09:50:51 AM' - INFO - ingested Page 86, Cobb's juvenile reader no. 2'
''03/12/2014 09:50:53 AM' - INFO - ingested Page 14, Cobb's juvenile reader no. 2'
''03/12/2014 09:50:55 AM' - INFO - ingested Page 64, Cobb's juvenile reader no. 2'
''03/12/2014 09:50:57 AM' - INFO - ingested Page 92, Cobb's juvenile reader no. 2'
''03/12/2014 09:50:59 AM' - INFO - ingested Page 56, Cobb's juvenile reader no. 2'
''03/12/2014 09:51:01 AM' - INFO - ingested Page 52, Cobb's juvenile reader no. 2'
''03/12/2014 09:51:03 AM' - INFO - ingested Page 94, Cobb's juvenile reader no. 2'
''03/12/2014 09:51:05 AM' - INFO - ingested [page R004], Cobb's juvenile reader no. 2'
''03/12/2014 09:51:07 AM' - INFO - ingested Page 37, Cobb's juvenile reader no. 2'
''03/12/2014 09:51:09 AM' - INFO - ingested Page 110, Cobb's juvenile reader no. 2'
''03/12/2014 09:51:11 AM' - INFO - ingested Page 41, Cobb's juvenile reader no. 2'
''03/12/2014 09:51:13 AM' - INFO - ingested Page 107, Cobb's juvenile reader no. 2'
''03/12/2014 09:51:15 AM' - INFO - ingested Page 117, Cobb's juvenile reader no. 2'
''03/12/2014 09:51:17 AM' - INFO - ingested Page 34, Cobb's juvenile reader no. 2'
''03/12/2014 09:51:19 AM' - INFO - ingested Page 38, Cobb's juvenile reader no. 2'
''03/12/2014 09:51:21 AM' - INFO - ingested Page 131, Cobb's juvenile reader no. 2'
''03/12/2014 09:51:23 AM' - INFO - ingested [page R007], Cobb's juvenile reader no. 2'
''03/12/2014 09:51:25 AM' - INFO - ingested Page 111, Cobb's juvenile reader no. 2'
''03/12/2014 09:51:27 AM' - INFO - ingested [page R006], Cobb's juvenile reader no. 2'
''03/12/2014 09:51:29 AM' - INFO - ingested Page 139, Cobb's juvenile reader no. 2'
''03/12/2014 09:51:31 AM' - INFO - ingested Page 23, Cobb's juvenile reader no. 2'
''03/12/2014 09:51:34 AM' - INFO - ingested Page 20, Cobb's juvenile reader no. 2'
''03/12/2014 09:51:36 AM' - INFO - ingested Page 123, Cobb's juvenile reader no. 2'
''03/12/2014 09:51:38 AM' - INFO - ingested Page 71, Cobb's juvenile reader no. 2'
''03/12/2014 09:51:40 AM' - INFO - ingested Page 87, Cobb's juvenile reader no. 2'
''03/12/2014 09:51:42 AM' - INFO - ingested Page 21, Cobb's juvenile reader no. 2'
''03/12/2014 09:51:44 AM' - INFO - ingested Page 68, Cobb's juvenile reader no. 2'
''03/12/2014 09:51:46 AM' - INFO - ingested [page A], Cobb's juvenile reader no. 2'
''03/12/2014 09:51:48 AM' - INFO - ingested Page 43, Cobb's juvenile reader no. 2'
''03/12/2014 09:51:50 AM' - INFO - ingested Page 42, Cobb's juvenile reader no. 2'
''03/12/2014 09:51:52 AM' - INFO - ingested Page 66, Cobb's juvenile reader no. 2'
''03/12/2014 09:51:54 AM' - INFO - ingested Page 36, Cobb's juvenile reader no. 2'
''03/12/2014 09:51:56 AM' - INFO - ingested Page 28, Cobb's juvenile reader no. 2'
''03/12/2014 09:51:58 AM' - INFO - ingested Page 26, Cobb's juvenile reader no. 2'
''03/12/2014 09:52:00 AM' - INFO - ingested Page 29, Cobb's juvenile reader no. 2'
''03/12/2014 09:52:02 AM' - INFO - ingested Page 89, Cobb's juvenile reader no. 2'
''03/12/2014 09:52:04 AM' - INFO - ingested Page 134, Cobb's juvenile reader no. 2'
''03/12/2014 09:52:06 AM' - INFO - ingested Page 45, Cobb's juvenile reader no. 2'
''03/12/2014 09:52:08 AM' - INFO - ingested [page R005], Cobb's juvenile reader no. 2'
''03/12/2014 09:52:11 AM' - INFO - ingested Page 96, Cobb's juvenile reader no. 2'
''03/12/2014 09:52:13 AM' - INFO - ingested Page 44, Cobb's juvenile reader no. 2'
''03/12/2014 09:52:15 AM' - INFO - ingested Page 62, Cobb's juvenile reader no. 2'
''03/12/2014 09:52:17 AM' - INFO - ingested Page 31, Cobb's juvenile reader no. 2'
''03/12/2014 09:52:19 AM' - INFO - ingested Page 120, Cobb's juvenile reader no. 2'
''03/12/2014 09:52:21 AM' - INFO - ingested [page B], Cobb's juvenile reader no. 2'
''03/12/2014 09:52:23 AM' - INFO - ingested Page 126, Cobb's juvenile reader no. 2'
''03/12/2014 09:52:25 AM' - INFO - ingested Page 35, Cobb's juvenile reader no. 2'
''03/12/2014 09:52:27 AM' - INFO - ingested Page 136, Cobb's juvenile reader no. 2'
''03/12/2014 09:52:29 AM' - INFO - ingested Page 77, Cobb's juvenile reader no. 2'
''03/12/2014 09:52:31 AM' - INFO - ingested Page 130, Cobb's juvenile reader no. 2'
''03/12/2014 09:52:33 AM' - INFO - ingested Page 108, Cobb's juvenile reader no. 2'
''03/12/2014 09:52:35 AM' - INFO - ingested Page 105, Cobb's juvenile reader no. 2'
''03/12/2014 09:52:37 AM' - INFO - ingested Page 122, Cobb's juvenile reader no. 2'
''03/12/2014 09:52:39 AM' - INFO - ingested Page 60, Cobb's juvenile reader no. 2'
''03/12/2014 09:52:41 AM' - INFO - ingested Page 109, Cobb's juvenile reader no. 2'
''03/12/2014 09:52:43 AM' - INFO - ingested Page 51, Cobb's juvenile reader no. 2'
''03/12/2014 09:52:45 AM' - INFO - ingested Page 70, Cobb's juvenile reader no. 2'
''03/12/2014 09:52:47 AM' - INFO - ingested Page 135, Cobb's juvenile reader no. 2'
''03/12/2014 09:52:49 AM' - INFO - ingested Page 63, Cobb's juvenile reader no. 2'
''03/12/2014 09:52:51 AM' - INFO - ingested Page 102, Cobb's juvenile reader no. 2'
''03/12/2014 09:52:53 AM' - INFO - ingested Page 30, Cobb's juvenile reader no. 2'
''03/12/2014 09:52:55 AM' - INFO - ingested Page 119, Cobb's juvenile reader no. 2'
''03/12/2014 09:52:57 AM' - INFO - ingested Page 76, Cobb's juvenile reader no. 2'
''03/12/2014 09:52:59 AM' - INFO - ingested Page 11, Cobb's juvenile reader no. 2'
''03/12/2014 09:53:01 AM' - INFO - ingested Page 81, Cobb's juvenile reader no. 2'
''03/12/2014 09:53:03 AM' - INFO - ingested Page 97, Cobb's juvenile reader no. 2'
''03/12/2014 09:53:05 AM' - INFO - ingested Page 132, Cobb's juvenile reader no. 2'
''03/12/2014 09:53:07 AM' - INFO - ingested Page 27, Cobb's juvenile reader no. 2'
''03/12/2014 09:53:09 AM' - INFO - ingested Page 50, Cobb's juvenile reader no. 2'
''03/12/2014 09:53:11 AM' - INFO - ingested Page 100, Cobb's juvenile reader no. 2'
''03/12/2014 09:53:13 AM' - INFO - ingested Page 121, Cobb's juvenile reader no. 2'
''03/12/2014 09:53:15 AM' - INFO - ingested Page 103, Cobb's juvenile reader no. 2'
''03/12/2014 09:53:17 AM' - INFO - ingested Page 78, Cobb's juvenile reader no. 2'
''03/12/2014 09:53:18 AM' - INFO - /usr/local/dlxs/prep/w/workflow/bin/fedora_prep/stage/02ach1100m ingested OK'
''03/12/2014 10:03:31 AM' - CRITICAL - bag /usr/local/dlxs/prep/w/workflow/bin/fedora_prep/stage/02ach1100m failed validation check. Exiting.'
''03/21/2014 03:43:15 PM' - INFO - ingested [page R008], Cobb's juvenile reader no. 2'
''03/21/2014 03:43:17 PM' - INFO - ingested Page 88, Cobb's juvenile reader no. 2'
''03/21/2014 03:43:20 PM' - INFO - ingested Page 133, Cobb's juvenile reader no. 2'
''03/21/2014 03:43:22 PM' - INFO - ingested [page R001], Cobb's juvenile reader no. 2'
''03/21/2014 03:43:24 PM' - INFO - ingested Page 83, Cobb's juvenile reader no. 2'
''03/21/2014 03:43:26 PM' - INFO - ingested Page 138, Cobb's juvenile reader no. 2'
''03/21/2014 03:43:28 PM' - INFO - ingested Page 84, Cobb's juvenile reader no. 2'
''03/21/2014 03:43:30 PM' - INFO - ingested [page R002], Cobb's juvenile reader no. 2'
''03/21/2014 03:43:33 PM' - INFO - ingested Page 128, Cobb's juvenile reader no. 2'
''03/21/2014 03:43:35 PM' - INFO - ingested Page 72, Cobb's juvenile reader no. 2'
''03/21/2014 03:43:37 PM' - INFO - ingested Page 18, Cobb's juvenile reader no. 2'
''03/21/2014 03:43:39 PM' - INFO - ingested Page 116, Cobb's juvenile reader no. 2'
''03/21/2014 03:43:41 PM' - INFO - ingested Page 125, Cobb's juvenile reader no. 2'
''03/21/2014 03:43:44 PM' - INFO - ingested Page 104, Cobb's juvenile reader no. 2'
''03/21/2014 03:43:45 PM' - INFO - ingested Page 61, Cobb's juvenile reader no. 2'
''03/21/2014 03:43:48 PM' - INFO - ingested [page R003], Cobb's juvenile reader no. 2'
''03/21/2014 03:43:50 PM' - INFO - ingested Page 48, Cobb's juvenile reader no. 2'
''03/21/2014 03:43:52 PM' - INFO - ingested Page 57, Cobb's juvenile reader no. 2'
''03/21/2014 03:43:54 PM' - INFO - ingested Page 113, Cobb's juvenile reader no. 2'
''03/21/2014 03:43:56 PM' - INFO - ingested Page 10, Cobb's juvenile reader no. 2'
''03/21/2014 03:43:58 PM' - INFO - ingested Page 118, Cobb's juvenile reader no. 2'
''03/21/2014 03:44:00 PM' - INFO - ingested Page 73, Cobb's juvenile reader no. 2'
''03/21/2014 03:44:03 PM' - INFO - ingested Page 46, Cobb's juvenile reader no. 2'
''03/21/2014 03:44:05 PM' - INFO - ingested Page 74, Cobb's juvenile reader no. 2'
''03/21/2014 03:44:07 PM' - INFO - ingested Page 65, Cobb's juvenile reader no. 2'
''03/21/2014 03:44:09 PM' - INFO - ingested Page 142, Cobb's juvenile reader no. 2'
''03/21/2014 03:44:11 PM' - INFO - ingested Page 59, Cobb's juvenile reader no. 2'
''03/21/2014 03:44:13 PM' - INFO - ingested Page 17, Cobb's juvenile reader no. 2'
''03/21/2014 03:44:16 PM' - INFO - ingested Page 47, Cobb's juvenile reader no. 2'
''03/21/2014 03:44:18 PM' - INFO - ingested Page 25, Cobb's juvenile reader no. 2'
''03/21/2014 03:44:20 PM' - INFO - ingested Page 98, Cobb's juvenile reader no. 2'
''03/21/2014 03:44:22 PM' - INFO - ingested Page 90, Cobb's juvenile reader no. 2'
''03/21/2014 03:44:24 PM' - INFO - ingested Page 99, Cobb's juvenile reader no. 2'
''03/21/2014 03:44:27 PM' - INFO - ingested Page 80, Cobb's juvenile reader no. 2'
''03/21/2014 03:44:29 PM' - INFO - ingested Page 115, Cobb's juvenile reader no. 2'
''03/21/2014 03:44:31 PM' - INFO - ingested Page 9, Cobb's juvenile reader no. 2'
''03/21/2014 03:44:33 PM' - INFO - ingested Page 54, Cobb's juvenile reader no. 2'
''03/21/2014 03:44:35 PM' - INFO - ingested Page 79, Cobb's juvenile reader no. 2'
''03/21/2014 03:44:38 PM' - INFO - ingested Page 40, Cobb's juvenile reader no. 2'
''03/21/2014 03:44:40 PM' - INFO - ingested Page 55, Cobb's juvenile reader no. 2'
''03/21/2014 03:44:42 PM' - INFO - ingested Page 129, Cobb's juvenile reader no. 2'
''03/21/2014 03:44:44 PM' - INFO - ingested Page 82, Cobb's juvenile reader no. 2'
''03/21/2014 03:44:46 PM' - INFO - ingested Page 93, Cobb's juvenile reader no. 2'
''03/21/2014 03:44:48 PM' - INFO - ingested Page 91, Cobb's juvenile reader no. 2'
''03/21/2014 03:44:50 PM' - INFO - ingested Page 140, Cobb's juvenile reader no. 2'
''03/21/2014 03:44:52 PM' - INFO - ingested Page 19, Cobb's juvenile reader no. 2'
''03/21/2014 03:44:54 PM' - INFO - ingested Page 101, Cobb's juvenile reader no. 2'
''03/21/2014 03:44:56 PM' - INFO - ingested Page 33, Cobb's juvenile reader no. 2'
''03/21/2014 03:44:58 PM' - INFO - ingested Page 12, Cobb's juvenile reader no. 2'
''03/21/2014 03:45:00 PM' - INFO - ingested Page 53, Cobb's juvenile reader no. 2'
''03/21/2014 03:45:03 PM' - INFO - ingested Page 106, Cobb's juvenile reader no. 2'
''03/21/2014 03:45:06 PM' - INFO - ingested Page 13, Cobb's juvenile reader no. 2'
''03/21/2014 03:45:08 PM' - INFO - ingested Page 39, Cobb's juvenile reader no. 2'
''03/21/2014 03:45:10 PM' - INFO - ingested Page 85, Cobb's juvenile reader no. 2'
''03/21/2014 03:45:13 PM' - INFO - ingested Page 137, Cobb's juvenile reader no. 2'
''03/21/2014 03:45:15 PM' - INFO - ingested Page 16, Cobb's juvenile reader no. 2'
''03/21/2014 03:45:17 PM' - INFO - ingested Page 22, Cobb's juvenile reader no. 2'
''03/21/2014 03:45:19 PM' - INFO - ingested Page 49, Cobb's juvenile reader no. 2'
''03/21/2014 03:45:21 PM' - INFO - ingested Page 67, Cobb's juvenile reader no. 2'
''03/21/2014 03:45:23 PM' - INFO - ingested Page 75, Cobb's juvenile reader no. 2'
''03/21/2014 03:45:25 PM' - INFO - ingested Page 15, Cobb's juvenile reader no. 2'
''03/21/2014 03:45:27 PM' - INFO - ingested Page 32, Cobb's juvenile reader no. 2'
''03/21/2014 03:45:30 PM' - INFO - ingested Page 112, Cobb's juvenile reader no. 2'
''03/21/2014 03:45:32 PM' - INFO - ingested Page 127, Cobb's juvenile reader no. 2'
''03/21/2014 03:45:34 PM' - INFO - ingested Page 24, Cobb's juvenile reader no. 2'
''03/21/2014 03:45:36 PM' - INFO - ingested Page 58, Cobb's juvenile reader no. 2'
''03/21/2014 03:45:38 PM' - INFO - ingested Page 95, Cobb's juvenile reader no. 2'
''03/21/2014 03:45:40 PM' - INFO - ingested Page 141, Cobb's juvenile reader no. 2'
''03/21/2014 03:45:42 PM' - INFO - ingested Page 124, Cobb's juvenile reader no. 2'
''03/21/2014 03:45:44 PM' - INFO - ingested Page 69, Cobb's juvenile reader no. 2'
''03/21/2014 03:45:46 PM' - INFO - ingested Page 114, Cobb's juvenile reader no. 2'
''03/21/2014 03:45:48 PM' - INFO - ingested Page 86, Cobb's juvenile reader no. 2'
''03/21/2014 03:45:50 PM' - INFO - ingested Page 14, Cobb's juvenile reader no. 2'
''03/21/2014 03:45:52 PM' - INFO - ingested Page 64, Cobb's juvenile reader no. 2'
''03/21/2014 03:45:54 PM' - INFO - ingested Page 92, Cobb's juvenile reader no. 2'
''03/21/2014 03:45:57 PM' - INFO - ingested Page 56, Cobb's juvenile reader no. 2'
''03/21/2014 03:45:59 PM' - INFO - ingested Page 52, Cobb's juvenile reader no. 2'
''03/21/2014 03:46:01 PM' - INFO - ingested Page 94, Cobb's juvenile reader no. 2'
''03/21/2014 03:46:03 PM' - INFO - ingested [page R004], Cobb's juvenile reader no. 2'
''03/21/2014 03:46:05 PM' - INFO - ingested Page 37, Cobb's juvenile reader no. 2'
''03/21/2014 03:46:08 PM' - INFO - ingested Page 110, Cobb's juvenile reader no. 2'
''03/21/2014 03:46:10 PM' - INFO - ingested Page 41, Cobb's juvenile reader no. 2'
''03/21/2014 03:46:12 PM' - INFO - ingested Page 107, Cobb's juvenile reader no. 2'
''03/21/2014 03:46:14 PM' - INFO - ingested Page 117, Cobb's juvenile reader no. 2'
''03/21/2014 03:46:16 PM' - INFO - ingested Page 34, Cobb's juvenile reader no. 2'
''03/21/2014 03:46:18 PM' - INFO - ingested Page 38, Cobb's juvenile reader no. 2'
''03/21/2014 03:46:20 PM' - INFO - ingested Page 131, Cobb's juvenile reader no. 2'
''03/21/2014 03:46:22 PM' - INFO - ingested [page R007], Cobb's juvenile reader no. 2'
''03/21/2014 03:46:24 PM' - INFO - ingested Page 111, Cobb's juvenile reader no. 2'
''03/21/2014 03:46:26 PM' - INFO - ingested [page R006], Cobb's juvenile reader no. 2'
''03/21/2014 03:46:28 PM' - INFO - ingested Page 139, Cobb's juvenile reader no. 2'
''03/21/2014 03:46:30 PM' - INFO - ingested Page 23, Cobb's juvenile reader no. 2'
''03/21/2014 03:46:33 PM' - INFO - ingested Page 20, Cobb's juvenile reader no. 2'
''03/21/2014 03:46:35 PM' - INFO - ingested Page 123, Cobb's juvenile reader no. 2'
''03/21/2014 03:46:37 PM' - INFO - ingested Page 71, Cobb's juvenile reader no. 2'
''03/21/2014 03:46:39 PM' - INFO - ingested Page 87, Cobb's juvenile reader no. 2'
''03/21/2014 03:46:41 PM' - INFO - ingested Page 21, Cobb's juvenile reader no. 2'
''03/21/2014 03:46:43 PM' - INFO - ingested Page 68, Cobb's juvenile reader no. 2'
''03/21/2014 03:46:45 PM' - INFO - ingested [page A], Cobb's juvenile reader no. 2'
''03/21/2014 03:46:47 PM' - INFO - ingested Page 43, Cobb's juvenile reader no. 2'
''03/21/2014 03:46:49 PM' - INFO - ingested Page 42, Cobb's juvenile reader no. 2'
''03/21/2014 03:46:53 PM' - INFO - ingested Page 66, Cobb's juvenile reader no. 2'
''03/21/2014 03:46:55 PM' - INFO - ingested Page 36, Cobb's juvenile reader no. 2'
''03/21/2014 03:46:57 PM' - INFO - ingested Page 28, Cobb's juvenile reader no. 2'
''03/21/2014 03:46:59 PM' - INFO - ingested Page 26, Cobb's juvenile reader no. 2'
''03/21/2014 03:47:01 PM' - INFO - ingested Page 29, Cobb's juvenile reader no. 2'
''03/21/2014 03:47:03 PM' - INFO - ingested Page 89, Cobb's juvenile reader no. 2'
''03/21/2014 03:47:05 PM' - INFO - ingested Page 134, Cobb's juvenile reader no. 2'
''03/21/2014 03:47:07 PM' - INFO - ingested Page 45, Cobb's juvenile reader no. 2'
''03/21/2014 03:47:10 PM' - INFO - ingested [page R005], Cobb's juvenile reader no. 2'
''03/21/2014 03:47:12 PM' - INFO - ingested Page 96, Cobb's juvenile reader no. 2'
''03/21/2014 03:47:14 PM' - INFO - ingested Page 44, Cobb's juvenile reader no. 2'
''03/21/2014 03:47:16 PM' - INFO - ingested Page 62, Cobb's juvenile reader no. 2'
''03/21/2014 03:47:18 PM' - INFO - ingested Page 31, Cobb's juvenile reader no. 2'
''03/21/2014 03:47:20 PM' - INFO - ingested Page 120, Cobb's juvenile reader no. 2'
''03/21/2014 03:47:22 PM' - INFO - ingested [page B], Cobb's juvenile reader no. 2'
''03/21/2014 03:47:24 PM' - INFO - ingested Page 126, Cobb's juvenile reader no. 2'
''03/21/2014 03:47:26 PM' - INFO - ingested Page 35, Cobb's juvenile reader no. 2'
''03/21/2014 03:47:28 PM' - INFO - ingested Page 136, Cobb's juvenile reader no. 2'
''03/21/2014 03:47:30 PM' - INFO - ingested Page 77, Cobb's juvenile reader no. 2'
''03/21/2014 03:47:32 PM' - INFO - ingested Page 130, Cobb's juvenile reader no. 2'
''03/21/2014 03:47:35 PM' - INFO - ingested Page 108, Cobb's juvenile reader no. 2'
''03/21/2014 03:47:37 PM' - INFO - ingested Page 105, Cobb's juvenile reader no. 2'
''03/21/2014 03:47:39 PM' - INFO - ingested Page 122, Cobb's juvenile reader no. 2'
''03/21/2014 03:47:41 PM' - INFO - ingested Page 60, Cobb's juvenile reader no. 2'
''03/21/2014 03:47:43 PM' - INFO - ingested Page 109, Cobb's juvenile reader no. 2'
''03/21/2014 03:47:45 PM' - INFO - ingested Page 51, Cobb's juvenile reader no. 2'
''03/21/2014 03:47:47 PM' - INFO - ingested Page 70, Cobb's juvenile reader no. 2'
''03/21/2014 03:47:49 PM' - INFO - ingested Page 135, Cobb's juvenile reader no. 2'
''03/21/2014 03:47:51 PM' - INFO - ingested Page 63, Cobb's juvenile reader no. 2'
''03/21/2014 03:47:53 PM' - INFO - ingested Page 102, Cobb's juvenile reader no. 2'
''03/21/2014 03:47:55 PM' - INFO - ingested Page 30, Cobb's juvenile reader no. 2'
''03/21/2014 03:47:58 PM' - INFO - ingested Page 119, Cobb's juvenile reader no. 2'
''03/21/2014 03:48:00 PM' - INFO - ingested Page 76, Cobb's juvenile reader no. 2'
''03/21/2014 03:48:02 PM' - INFO - ingested Page 11, Cobb's juvenile reader no. 2'
''03/21/2014 03:48:04 PM' - INFO - ingested Page 81, Cobb's juvenile reader no. 2'
''03/21/2014 03:48:06 PM' - INFO - ingested Page 97, Cobb's juvenile reader no. 2'
''03/21/2014 03:48:08 PM' - INFO - ingested Page 132, Cobb's juvenile reader no. 2'
''03/21/2014 03:48:10 PM' - INFO - ingested Page 27, Cobb's juvenile reader no. 2'
''03/21/2014 03:48:13 PM' - INFO - ingested Page 50, Cobb's juvenile reader no. 2'
''03/21/2014 03:48:15 PM' - INFO - ingested Page 100, Cobb's juvenile reader no. 2'
''03/21/2014 03:48:17 PM' - INFO - ingested Page 121, Cobb's juvenile reader no. 2'
''03/21/2014 03:48:19 PM' - INFO - ingested Page 103, Cobb's juvenile reader no. 2'
''03/21/2014 03:48:21 PM' - INFO - ingested Page 78, Cobb's juvenile reader no. 2'
''03/21/2014 03:48:22 PM' - INFO - /usr/local/dlxs/prep/w/workflow/bin/fedora_prep/stage/02ach1100m ingested OK'
